13-Oct-2024 12:01:49.048 INFO [main] org.apache.catalina.startup.VersionLoggerListener.log Server version name:   Apache Tomcat/9.0.94
13-Oct-2024 12:01:49.051 INFO [main] org.apache.catalina.startup.VersionLoggerListener.log Server built:          Sep 5 2024 13:35:59 UTC
13-Oct-2024 12:01:49.051 INFO [main] org.apache.catalina.startup.VersionLoggerListener.log Server version number: 9.0.94.0
13-Oct-2024 12:01:49.051 INFO [main] org.apache.catalina.startup.VersionLoggerListener.log OS Name:               Mac OS X
13-Oct-2024 12:01:49.051 INFO [main] org.apache.catalina.startup.VersionLoggerListener.log OS Version:            14.6.1
13-Oct-2024 12:01:49.051 INFO [main] org.apache.catalina.startup.VersionLoggerListener.log Architecture:          aarch64
13-Oct-2024 12:01:49.051 INFO [main] org.apache.catalina.startup.VersionLoggerListener.log Java Home:             /Library/Java/JavaVirtualMachines/temurin-21.jdk/Contents/Home
13-Oct-2024 12:01:49.051 INFO [main] org.apache.catalina.startup.VersionLoggerListener.log JVM Version:           21.0.3+9-LTS
13-Oct-2024 12:01:49.051 INFO [main] org.apache.catalina.startup.VersionLoggerListener.log JVM Vendor:            Eclipse Adoptium
13-Oct-2024 12:01:49.051 INFO [main] org.apache.catalina.startup.VersionLoggerListener.log CATALINA_BASE:         /Users/ashish/Documents/lib/apache-tomcat-9.0.94
13-Oct-2024 12:01:49.051 INFO [main] org.apache.catalina.startup.VersionLoggerListener.log CATALINA_HOME:         /Users/ashish/Documents/lib/apache-tomcat-9.0.94
13-Oct-2024 12:01:49.104 INFO [main] org.apache.catalina.startup.VersionLoggerListener.log Command line argument: --add-opens=java.base/java.lang=ALL-UNNAMED
13-Oct-2024 12:01:49.104 INFO [main] org.apache.catalina.startup.VersionLoggerListener.log Command line argument: --add-opens=java.base/java.io=ALL-UNNAMED
13-Oct-2024 12:01:49.104 INFO [main] org.apache.catalina.startup.VersionLoggerListener.log Command line argument: --add-opens=java.base/java.util=ALL-UNNAMED
13-Oct-2024 12:01:49.105 INFO [main] org.apache.catalina.startup.VersionLoggerListener.log Command line argument: --add-opens=java.base/java.util.concurrent=ALL-UNNAMED
13-Oct-2024 12:01:49.105 INFO [main] org.apache.catalina.startup.VersionLoggerListener.log Command line argument: --add-opens=java.rmi/sun.rmi.transport=ALL-UNNAMED
13-Oct-2024 12:01:49.105 INFO [main] org.apache.catalina.startup.VersionLoggerListener.log Command line argument: -Djava.util.logging.config.file=/Users/ashish/Documents/lib/apache-tomcat-9.0.94/conf/logging.properties
13-Oct-2024 12:01:49.105 INFO [main] org.apache.catalina.startup.VersionLoggerListener.log Command line argument: -Djava.util.logging.manager=org.apache.juli.ClassLoaderLogManager
13-Oct-2024 12:01:49.105 INFO [main] org.apache.catalina.startup.VersionLoggerListener.log Command line argument: -Djdk.tls.ephemeralDHKeySize=2048
13-Oct-2024 12:01:49.105 INFO [main] org.apache.catalina.startup.VersionLoggerListener.log Command line argument: -Djava.protocol.handler.pkgs=org.apache.catalina.webresources
13-Oct-2024 12:01:49.105 INFO [main] org.apache.catalina.startup.VersionLoggerListener.log Command line argument: -Dorg.apache.catalina.security.SecurityListener.UMASK=0027
13-Oct-2024 12:01:49.105 INFO [main] org.apache.catalina.startup.VersionLoggerListener.log Command line argument: -Dignore.endorsed.dirs=
13-Oct-2024 12:01:49.105 INFO [main] org.apache.catalina.startup.VersionLoggerListener.log Command line argument: -Dcatalina.base=/Users/ashish/Documents/lib/apache-tomcat-9.0.94
13-Oct-2024 12:01:49.105 INFO [main] org.apache.catalina.startup.VersionLoggerListener.log Command line argument: -Dcatalina.home=/Users/ashish/Documents/lib/apache-tomcat-9.0.94
13-Oct-2024 12:01:49.105 INFO [main] org.apache.catalina.startup.VersionLoggerListener.log Command line argument: -Djava.io.tmpdir=/Users/ashish/Documents/lib/apache-tomcat-9.0.94/temp
13-Oct-2024 12:01:49.110 INFO [main] org.apache.catalina.core.AprLifecycleListener.lifecycleEvent The Apache Tomcat Native library which allows using OpenSSL was not found on the java.library.path: [/Users/ashish/Library/Java/Extensions:/Library/Java/Extensions:/Network/Library/Java/Extensions:/System/Library/Java/Extensions:/usr/lib/java:.]
13-Oct-2024 12:01:49.277 INFO [main] org.apache.coyote.AbstractProtocol.init Initializing ProtocolHandler ["http-nio-8080"]
13-Oct-2024 12:01:49.314 INFO [main] org.apache.catalina.startup.Catalina.load Server initialization in [367] milliseconds
13-Oct-2024 12:01:49.333 INFO [main] org.apache.catalina.core.StandardService.startInternal Starting service [Catalina]
13-Oct-2024 12:01:49.333 INFO [main] org.apache.catalina.core.StandardEngine.startInternal Starting Servlet engine: [Apache Tomcat/9.0.94]
13-Oct-2024 12:01:49.341 INFO [main] org.apache.catalina.startup.HostConfig.deployWAR Deploying web application archive [/Users/ashish/Documents/lib/apache-tomcat-9.0.94/webapps/store-servlet.war]
13-Oct-2024 12:01:49.801 INFO [main] org.apache.jasper.servlet.TldScanner.scanJars At least one JAR was scanned for TLDs yet contained no TLDs. Enable debug logging for this logger for a complete list of JARs that were scanned but no TLDs were found in them. Skipping unneeded JARs during scanning can improve startup time and JSP compilation time.
13-Oct-2024 12:01:49.818 INFO [main] org.apache.catalina.startup.HostConfig.deployWAR Deployment of web application archive [/Users/ashish/Documents/lib/apache-tomcat-9.0.94/webapps/store-servlet.war] has finished in [476] ms
13-Oct-2024 12:01:49.818 INFO [main] org.apache.catalina.startup.HostConfig.deployDirectory Deploying web application directory [/Users/ashish/Documents/lib/apache-tomcat-9.0.94/webapps/docs]
13-Oct-2024 12:01:49.829 SEVERE [main] org.apache.catalina.core.StandardContext.startInternal One or more Filters failed to start. Full details will be found in the appropriate container log file
13-Oct-2024 12:01:49.829 SEVERE [main] org.apache.catalina.core.StandardContext.startInternal Context [/docs] startup failed due to previous errors
13-Oct-2024 12:01:49.835 INFO [main] org.apache.catalina.startup.HostConfig.deployDirectory Deployment of web application directory [/Users/ashish/Documents/lib/apache-tomcat-9.0.94/webapps/docs] has finished in [17] ms
13-Oct-2024 12:01:49.835 INFO [main] org.apache.catalina.startup.HostConfig.deployDirectory Deploying web application directory [/Users/ashish/Documents/lib/apache-tomcat-9.0.94/webapps/manager]
13-Oct-2024 12:01:49.850 SEVERE [main] org.apache.catalina.core.StandardContext.startInternal One or more Filters failed to start. Full details will be found in the appropriate container log file
13-Oct-2024 12:01:49.850 SEVERE [main] org.apache.catalina.core.StandardContext.startInternal Context [/manager] startup failed due to previous errors
13-Oct-2024 12:01:49.852 INFO [main] org.apache.catalina.startup.HostConfig.deployDirectory Deployment of web application directory [/Users/ashish/Documents/lib/apache-tomcat-9.0.94/webapps/manager] has finished in [17] ms
13-Oct-2024 12:01:49.852 INFO [main] org.apache.catalina.startup.HostConfig.deployDirectory Deploying web application directory [/Users/ashish/Documents/lib/apache-tomcat-9.0.94/webapps/examples]
13-Oct-2024 12:01:49.933 SEVERE [main] org.apache.catalina.core.StandardContext.startInternal One or more Filters failed to start. Full details will be found in the appropriate container log file
13-Oct-2024 12:01:49.933 SEVERE [main] org.apache.catalina.core.StandardContext.startInternal Context [/examples] startup failed due to previous errors
13-Oct-2024 12:01:49.934 INFO [main] org.apache.catalina.startup.HostConfig.deployDirectory Deployment of web application directory [/Users/ashish/Documents/lib/apache-tomcat-9.0.94/webapps/examples] has finished in [82] ms
13-Oct-2024 12:01:49.935 INFO [main] org.apache.catalina.startup.HostConfig.deployDirectory Deploying web application directory [/Users/ashish/Documents/lib/apache-tomcat-9.0.94/webapps/ROOT]
13-Oct-2024 12:01:49.941 SEVERE [main] org.apache.catalina.core.StandardContext.startInternal One or more Filters failed to start. Full details will be found in the appropriate container log file
13-Oct-2024 12:01:49.941 SEVERE [main] org.apache.catalina.core.StandardContext.startInternal Context [] startup failed due to previous errors
13-Oct-2024 12:01:49.942 INFO [main] org.apache.catalina.startup.HostConfig.deployDirectory Deployment of web application directory [/Users/ashish/Documents/lib/apache-tomcat-9.0.94/webapps/ROOT] has finished in [7] ms
13-Oct-2024 12:01:49.942 INFO [main] org.apache.catalina.startup.HostConfig.deployDirectory Deploying web application directory [/Users/ashish/Documents/lib/apache-tomcat-9.0.94/webapps/host-manager]
13-Oct-2024 12:01:49.952 SEVERE [main] org.apache.catalina.core.StandardContext.startInternal One or more Filters failed to start. Full details will be found in the appropriate container log file
13-Oct-2024 12:01:49.952 SEVERE [main] org.apache.catalina.core.StandardContext.startInternal Context [/host-manager] startup failed due to previous errors
13-Oct-2024 12:01:49.953 INFO [main] org.apache.catalina.startup.HostConfig.deployDirectory Deployment of web application directory [/Users/ashish/Documents/lib/apache-tomcat-9.0.94/webapps/host-manager] has finished in [11] ms
13-Oct-2024 12:01:49.954 INFO [main] org.apache.coyote.AbstractProtocol.start Starting ProtocolHandler ["http-nio-8080"]
13-Oct-2024 12:01:49.959 INFO [main] org.apache.catalina.startup.Catalina.start Server startup in [643] milliseconds
13-Oct-2024 13:34:30.100 INFO [main] org.apache.catalina.core.StandardServer.await A valid shutdown command was received via the shutdown port. Stopping the Server instance.
13-Oct-2024 13:34:30.116 INFO [main] org.apache.coyote.AbstractProtocol.pause Pausing ProtocolHandler ["http-nio-8080"]
13-Oct-2024 13:34:30.129 INFO [main] org.apache.catalina.core.StandardService.stopInternal Stopping service [Catalina]
13-Oct-2024 13:34:30.181 WARNING [main] org.apache.catalina.loader.WebappClassLoaderBase.clearReferencesJdbc The web application [store-servlet] registered the JDBC driver [com.mysql.cj.jdbc.Driver] but failed to unregister it when the web application was stopped. To prevent a memory leak, the JDBC Driver has been forcibly unregistered.
13-Oct-2024 13:34:30.182 WARNING [main] org.apache.catalina.loader.WebappClassLoaderBase.clearReferencesThreads The web application [store-servlet] appears to have started a thread named [mysql-cj-abandoned-connection-cleanup] but has failed to stop it. This is very likely to create a memory leak. Stack trace of thread:
 java.base/jdk.internal.misc.Unsafe.park(Native Method)
 java.base/java.util.concurrent.locks.LockSupport.parkNanos(LockSupport.java:269)
 java.base/java.util.concurrent.locks.AbstractQueuedSynchronizer$ConditionObject.await(AbstractQueuedSynchronizer.java:1847)
 java.base/java.lang.ref.ReferenceQueue.await(ReferenceQueue.java:71)
 java.base/java.lang.ref.ReferenceQueue.remove0(ReferenceQueue.java:143)
 java.base/java.lang.ref.ReferenceQueue.remove(ReferenceQueue.java:218)
 com.mysql.cj.jdbc.AbandonedConnectionCleanupThread.run(AbandonedConnectionCleanupThread.java:84)
 java.base/java.util.concurrent.ThreadPoolExecutor.runWorker(ThreadPoolExecutor.java:1144)
 java.base/java.util.concurrent.ThreadPoolExecutor$Worker.run(ThreadPoolExecutor.java:642)
 java.base/java.lang.Thread.run(Thread.java:1583)
13-Oct-2024 13:34:30.193 INFO [main] org.apache.coyote.AbstractProtocol.stop Stopping ProtocolHandler ["http-nio-8080"]
13-Oct-2024 13:34:30.206 INFO [main] org.apache.coyote.AbstractProtocol.destroy Destroying ProtocolHandler ["http-nio-8080"]
